# JRE version: OpenJDK Runtime Environment 18.9 (11.0.11+9) (build 11.0.11+9)
# Java VM: OpenJDK 64-Bit Server VM 18.9 (11.0.11+9, mixed mode, tiered, compressed oops, g1 gc, windows-amd64)
Heap:
 garbage-first heap   total 283648K, used 211916K [0x0000000740000000, 0x0000000800000000)
  region size 1024K, 43 young (44032K), 4 survivors (4096K)
 Metaspace       used 126605K, capacity 128510K, committed 130156K, reserved 1163264K
  class space    used 16004K, capacity 16744K, committed 17408K, reserved 1048576K
GC Heap History (20 events):
Event: 84440.146 GC heap before
{Heap before GC invocations=2988 (full 219):
 garbage-first heap   total 283648K, used 228900K [0x0000000740000000, 0x0000000800000000)
  region size 1024K, 60 young (61440K), 3 survivors (3072K)
 Metaspace       used 126443K, capacity 128254K, committed 129900K, reserved 1161216K
  class space    used 15971K, capacity 16701K, committed 17408K, reserved 1048576K
}
Event: 84440.153 GC heap after
{Heap after GC invocations=2989 (full 219):
 garbage-first heap   total 283648K, used 170465K [0x0000000740000000, 0x0000000800000000)
  region size 1024K, 3 young (3072K), 3 survivors (3072K)
 Metaspace       used 126443K, capacity 128254K, committed 129900K, reserved 1161216K
  class space    used 15971K, capacity 16701K, committed 17408K, reserved 1048576K
}
Event: 84443.963 GC heap before
{Heap before GC invocations=2990 (full 219):
 garbage-first heap   total 283648K, used 227809K [0x0000000740000000, 0x0000000800000000)
  region size 1024K, 60 young (61440K), 3 survivors (3072K)
 Metaspace       used 126474K, capacity 128318K, committed 130156K, reserved 1163264K
  class space    used 15971K, capacity 16701K, committed 17408K, reserved 1048576K
}
Event: 84443.967 GC heap after
{Heap after GC invocations=2991 (full 219):
 garbage-first heap   total 283648K, used 172655K [0x0000000740000000, 0x0000000800000000)
  region size 1024K, 5 young (5120K), 5 survivors (5120K)
 Metaspace       used 126474K, capacity 128318K, committed 130156K, reserved 1163264K
  class space    used 15971K, capacity 16701K, committed 17408K, reserved 1048576K
}
Event: 84444.207 GC heap before
{Heap before GC invocations=2991 (full 219):
 garbage-first heap   total 283648K, used 227951K [0x0000000740000000, 0x0000000800000000)
  region size 1024K, 60 young (61440K), 5 survivors (5120K)
 Metaspace       used 126474K, capacity 128318K, committed 130156K, reserved 1163264K
  class space    used 15971K, capacity 16701K, committed 17408K, reserved 1048576K
}
Event: 84444.209 GC heap after
{Heap after GC invocations=2992 (full 219):
 garbage-first heap   total 283648K, used 170986K [0x0000000740000000, 0x0000000800000000)
  region size 1024K, 3 young (3072K), 3 survivors (3072K)
 Metaspace       used 126474K, capacity 128318K, committed 130156K, reserved 1163264K
  class space    used 15971K, capacity 16701K, committed 17408K, reserved 1048576K
}
Event: 84446.215 GC heap before
{Heap before GC invocations=2993 (full 219):
 garbage-first heap   total 283648K, used 229354K [0x0000000740000000, 0x0000000800000000)
  region size 1024K, 60 young (61440K), 3 survivors (3072K)
 Metaspace       used 126474K, capacity 128318K, committed 130156K, reserved 1163264K
  class space    used 15971K, capacity 16701K, committed 17408K, reserved 1048576K
}
Event: 84446.220 GC heap after
{Heap after GC invocations=2994 (full 219):
 garbage-first heap   total 283648K, used 172179K [0x0000000740000000, 0x0000000800000000)
  region size 1024K, 4 young (4096K), 4 survivors (4096K)
 Metaspace       used 126474K, capacity 128318K, committed 130156K, reserved 1163264K
  class space    used 15971K, capacity 16701K, committed 17408K, reserved 1048576K
}
Event: 84449.581 GC heap before
{Heap before GC invocations=2994 (full 219):
 garbage-first heap   total 283648K, used 229523K [0x0000000740000000, 0x0000000800000000)
  region size 1024K, 60 young (61440K), 4 survivors (4096K)
 Metaspace       used 126474K, capacity 128318K, committed 130156K, reserved 1163264K
  class space    used 15971K, capacity 16701K, committed 17408K, reserved 1048576K
}
Event: 84449.584 GC heap after
{Heap after GC invocations=2995 (full 219):
 garbage-first heap   total 283648K, used 171321K [0x0000000740000000, 0x0000000800000000)
  region size 1024K, 3 young (3072K), 3 survivors (3072K)
 Metaspace       used 126474K, capacity 128318K, committed 130156K, reserved 1163264K
  class space    used 15971K, capacity 16701K, committed 17408K, reserved 1048576K
}
Event: 84459.118 GC heap before
{Heap before GC invocations=2996 (full 219):
 garbage-first heap   total 283648K, used 229689K [0x0000000740000000, 0x0000000800000000)
  region size 1024K, 60 young (61440K), 3 survivors (3072K)
 Metaspace       used 126476K, capacity 128318K, committed 130156K, reserved 1163264K
  class space    used 15971K, capacity 16701K, committed 17408K, reserved 1048576K
}
Event: 84459.123 GC heap after
{Heap after GC invocations=2997 (full 219):
 garbage-first heap   total 283648K, used 171669K [0x0000000740000000, 0x0000000800000000)
  region size 1024K, 4 young (4096K), 4 survivors (4096K)
 Metaspace       used 126476K, capacity 128318K, committed 130156K, reserved 1163264K
  class space    used 15971K, capacity 16701K, committed 17408K, reserved 1048576K
}
Event: 84474.037 GC heap before
{Heap before GC invocations=2997 (full 219):
 garbage-first heap   total 283648K, used 229013K [0x0000000740000000, 0x0000000800000000)
  region size 1024K, 60 young (61440K), 4 survivors (4096K)
 Metaspace       used 126477K, capacity 128318K, committed 130156K, reserved 1163264K
  class space    used 15971K, capacity 16701K, committed 17408K, reserved 1048576K
}
Event: 84474.044 GC heap after
{Heap after GC invocations=2998 (full 219):
 garbage-first heap   total 283648K, used 171576K [0x0000000740000000, 0x0000000800000000)
  region size 1024K, 3 young (3072K), 3 survivors (3072K)
 Metaspace       used 126477K, capacity 128318K, committed 130156K, reserved 1163264K
  class space    used 15971K, capacity 16701K, committed 17408K, reserved 1048576K
}
Event: 84476.663 GC heap before
{Heap before GC invocations=2999 (full 219):
 garbage-first heap   total 283648K, used 228920K [0x0000000740000000, 0x0000000800000000)
  region size 1024K, 60 young (61440K), 3 survivors (3072K)
 Metaspace       used 126478K, capacity 128318K, committed 130156K, reserved 1163264K
  class space    used 15971K, capacity 16701K, committed 17408K, reserved 1048576K
}
Event: 84476.667 GC heap after
{Heap after GC invocations=3000 (full 219):
 garbage-first heap   total 283648K, used 171504K [0x0000000740000000, 0x0000000800000000)
  region size 1024K, 3 young (3072K), 3 survivors (3072K)
 Metaspace       used 126478K, capacity 128318K, committed 130156K, reserved 1163264K
  class space    used 15971K, capacity 16701K, committed 17408K, reserved 1048576K
}
Event: 84497.593 GC heap before
{Heap before GC invocations=3000 (full 219):
 garbage-first heap   total 283648K, used 229872K [0x0000000740000000, 0x0000000800000000)
  region size 1024K, 60 young (61440K), 3 survivors (3072K)
 Metaspace       used 126486K, capacity 128318K, committed 130156K, reserved 1163264K
  class space    used 15971K, capacity 16701K, committed 17408K, reserved 1048576K
}
Event: 84497.595 GC heap after
{Heap after GC invocations=3001 (full 219):
 garbage-first heap   total 283648K, used 172117K [0x0000000740000000, 0x0000000800000000)
  region size 1024K, 4 young (4096K), 4 survivors (4096K)
 Metaspace       used 126486K, capacity 128318K, committed 130156K, reserved 1163264K
  class space    used 15971K, capacity 16701K, committed 17408K, reserved 1048576K
}
Event: 84501.802 GC heap before
{Heap before GC invocations=3002 (full 219):
 garbage-first heap   total 283648K, used 229461K [0x0000000740000000, 0x0000000800000000)
  region size 1024K, 60 young (61440K), 4 survivors (4096K)
 Metaspace       used 126605K, capacity 128510K, committed 130156K, reserved 1163264K
  class space    used 16004K, capacity 16744K, committed 17408K, reserved 1048576K
}
Event: 84501.806 GC heap after
{Heap after GC invocations=3003 (full 219):
 garbage-first heap   total 283648K, used 173004K [0x0000000740000000, 0x0000000800000000)
  region size 1024K, 4 young (4096K), 4 survivors (4096K)
 Metaspace       used 126605K, capacity 128510K, committed 130156K, reserved 1163264K
  class space    used 16004K, capacity 16744K, committed 17408K, reserved 1048576K
}

